;;; 
Import: Release 12.1.0.2.0 - Production on Mon Nov 30 16:45:10 2015

Copyright (c) 1982, 2014, Oracle and/or its affiliates.  All rights reserved.
;;; 
Connected to: Oracle Database 12c Enterprise Edition Release 12.1.0.2.0 - 64bit Production
With the Partitioning, OLAP, Advanced Analytics and Real Application Testing options
Master table "SYSTEM"."SYS_IMPORT_SCHEMA_02" successfully loaded/unloaded
Starting "SYSTEM"."SYS_IMPORT_SCHEMA_02":  system/********@orcl schemas=dev_odi_repo directory=ODI_PUMP_DIR dumpfile=dev_odi_repo.dmp 
Processing object type SCHEMA_EXPORT/USER
Processing object type SCHEMA_EXPORT/SYSTEM_GRANT
Processing object type SCHEMA_EXPORT/ROLE_GRANT
Processing object type SCHEMA_EXPORT/DEFAULT_ROLE
Processing object type SCHEMA_EXPORT/PRE_SCHEMA/PROCACT_SCHEMA
Processing object type SCHEMA_EXPORT/TABLE/TABLE
Processing object type SCHEMA_EXPORT/TABLE/TABLE_DATA
. . imported "DEV_ODI_REPO"."SNP_SESS_TASK_LOG"              0 KB       0 rows
. . imported "DEV_ODI_REPO"."SNP_SB_TASK"                    0 KB       0 rows
. . imported "DEV_ODI_REPO"."SNP_TRT"                    1018. KB     140 rows
. . imported "DEV_ODI_REPO"."SNP_MTXT"                   775.5 KB    3947 rows
. . imported "DEV_ODI_REPO"."SNP_CONV_DT"                1.902 MB   38206 rows
. . imported "DEV_ODI_REPO"."SNP_MAP_COMP_TYPE"          585.8 KB      23 rows
. . imported "DEV_ODI_REPO"."SNP_SESSION"                    0 KB       0 rows
. . imported "DEV_ODI_REPO"."SNP_TXT_HEADER"             556.9 KB     594 rows
. . imported "DEV_ODI_REPO"."SNP_MAP_EXPR"               232.8 KB     142 rows
. . imported "DEV_ODI_REPO"."SNP_STEP_LOG"                   0 KB       0 rows
. . imported "DEV_ODI_REPO"."SNP_LINE_TRT"               117.6 KB     229 rows
. . imported "DEV_ODI_REPO"."SNP_SB_STEP"                    0 KB       0 rows
. . imported "DEV_ODI_REPO"."SNP_CONNECT"                31.32 KB      12 rows
. . imported "DEV_ODI_REPO"."SNP_LE_TECHNO"              208.8 KB    2341 rows
. . imported "DEV_ODI_REPO"."SNP_MAPPING"                16.07 KB       8 rows
. . imported "DEV_ODI_REPO"."SNP_MAP_ATTR"               34.37 KB     126 rows
. . imported "DEV_ODI_REPO"."SNP_MAP_COMP"               17.28 KB      35 rows
. . imported "DEV_ODI_REPO"."SNP_PROF_METH"              244.8 KB    2427 rows
. . imported "DEV_ODI_REPO"."SNP_SCEN_STEP"                  0 KB       0 rows
. . imported "DEV_ODI_REPO"."SNP_SCEN_TASK"                  0 KB       0 rows
. . imported "DEV_ODI_REPO"."SNP_DT"                     155.3 KB     896 rows
. . imported "DEV_ODI_REPO"."SNP_FIELD"                  194.0 KB    1290 rows
. . imported "DEV_ODI_REPO"."SNP_LANG_ELT"               191.5 KB    1308 rows
. . imported "DEV_ODI_REPO"."SNP_MAP_PROP"               46.21 KB     291 rows
. . imported "DEV_ODI_REPO"."SNP_AGENT"                  18.08 KB       2 rows
. . imported "DEV_ODI_REPO"."SNP_DEPLOY_SPEC"            12.13 KB      11 rows
. . imported "DEV_ODI_REPO"."SNP_EXEC_UNIT"              15.68 KB      23 rows
. . imported "DEV_ODI_REPO"."SNP_EXEC_UNIT_GRP"          10.17 KB      23 rows
. . imported "DEV_ODI_REPO"."SNP_FF_VALUEM"              8.015 KB       2 rows
. . imported "DEV_ODI_REPO"."SNP_FLEX_FIELD"             18.59 KB      41 rows
. . imported "DEV_ODI_REPO"."SNP_MAP_CONN"               12.79 KB      28 rows
. . imported "DEV_ODI_REPO"."SNP_MAP_CP"                 17.65 KB      74 rows
. . imported "DEV_ODI_REPO"."SNP_METHOD"                 132.3 KB     864 rows
. . imported "DEV_ODI_REPO"."SNP_PARAM_SESS"                 0 KB       0 rows
. . imported "DEV_ODI_REPO"."SNP_PHY_NODE"               24.28 KB      69 rows
. . imported "DEV_ODI_REPO"."SNP_PSCHEMA"                31.67 KB      11 rows
. . imported "DEV_ODI_REPO"."SNP_REV_COL"                    0 KB       0 rows
. . imported "DEV_ODI_REPO"."SNP_REV_TABLE"                  0 KB       0 rows
. . imported "DEV_ODI_REPO"."SNP_SB"                         0 KB       0 rows
. . imported "DEV_ODI_REPO"."SNP_FIELD_LOOKUP"           64.92 KB     568 rows
. . imported "DEV_ODI_REPO"."SNP_MAP_PROP_DEF"           69.75 KB     203 rows
. . imported "DEV_ODI_REPO"."SNP_MAP_REF"                60.67 KB     251 rows
. . imported "DEV_ODI_REPO"."SNP_ACTION"                 15.96 KB      58 rows
. . imported "DEV_ODI_REPO"."SNP_AGENT_PROP"             6.929 KB       1 rows
. . imported "DEV_ODI_REPO"."SNP_AGENT_PROP_LST"         7.328 KB       6 rows
. . imported "DEV_ODI_REPO"."SNP_ALLOC_AGENT"            8.859 KB       2 rows
. . imported "DEV_ODI_REPO"."SNP_COL"                    46.24 KB     158 rows
. . imported "DEV_ODI_REPO"."SNP_CONNECT_PROP"           7.882 KB      22 rows
. . imported "DEV_ODI_REPO"."SNP_CONTEXT"                10.46 KB       1 rows
. . imported "DEV_ODI_REPO"."SNP_ENTITY"                 31.08 KB     103 rows
. . imported "DEV_ODI_REPO"."SNP_ENT_ID"                 7.234 KB      35 rows
. . imported "DEV_ODI_REPO"."SNP_FOLDER"                 11.54 KB       2 rows
. . imported "DEV_ODI_REPO"."SNP_GRP_ACTION"             10.85 KB      10 rows
. . imported "DEV_ODI_REPO"."SNP_GRP_STATE"              12.56 KB       3 rows
. . imported "DEV_ODI_REPO"."SNP_HOST"                   7.796 KB       1 rows
. . imported "DEV_ODI_REPO"."SNP_ID"                     7.507 KB      42 rows
. . imported "DEV_ODI_REPO"."SNP_INDEX_TYPE"             18.49 KB      66 rows
. . imported "DEV_ODI_REPO"."SNP_JOIN"                   16.40 KB       1 rows
. . imported "DEV_ODI_REPO"."SNP_JOIN_COL"               10.12 KB       1 rows
. . imported "DEV_ODI_REPO"."SNP_KEY"                    12.14 KB       4 rows
. . imported "DEV_ODI_REPO"."SNP_KEY_COL"                9.468 KB       4 rows
. . imported "DEV_ODI_REPO"."SNP_LAGENT"                 8.812 KB       2 rows
. . imported "DEV_ODI_REPO"."SNP_LANG"                   12.26 KB       8 rows
. . imported "DEV_ODI_REPO"."SNP_LANG_TECHNO"            12.88 KB      54 rows
. . imported "DEV_ODI_REPO"."SNP_LINE_ACTION"            20.91 KB      78 rows
. . imported "DEV_ODI_REPO"."SNP_LINE_TRT_UE"            13.76 KB     133 rows
. . imported "DEV_ODI_REPO"."SNP_LINK"                   25.46 KB     220 rows
. . imported "DEV_ODI_REPO"."SNP_LOC_REP"                19.88 KB       1 rows
. . imported "DEV_ODI_REPO"."SNP_LOC_REPW"               14.12 KB       1 rows
. . imported "DEV_ODI_REPO"."SNP_LSCHEMA"                11.78 KB      13 rows
. . imported "DEV_ODI_REPO"."SNP_MAP_ATTR_INFO"          12.46 KB       3 rows
. . imported "DEV_ODI_REPO"."SNP_MAP_CP_ROLE"            15.95 KB      44 rows
. . imported "DEV_ODI_REPO"."SNP_MAP_EXPR_REF"           18.07 KB      88 rows
. . imported "DEV_ODI_REPO"."SNP_MODEL"                  23.95 KB       3 rows
. . imported "DEV_ODI_REPO"."SNP_MODULE"                 7.328 KB       5 rows
. . imported "DEV_ODI_REPO"."SNP_OBJECT"                 26.98 KB     115 rows
. . imported "DEV_ODI_REPO"."SNP_PACKAGE"                14.79 KB       2 rows
. . imported "DEV_ODI_REPO"."SNP_PHY_EXPR"               15.62 KB      96 rows
. . imported "DEV_ODI_REPO"."SNP_PROFILE"                10.06 KB      14 rows
. . imported "DEV_ODI_REPO"."SNP_PROJECT"                10.92 KB       1 rows
. . imported "DEV_ODI_REPO"."SNP_PSCHEMA_CONT"           9.687 KB      11 rows
. . imported "DEV_ODI_REPO"."SNP_PWD_POLICY"             7.398 KB       1 rows
. . imported "DEV_ODI_REPO"."SNP_PWD_RULE"               7.625 KB       4 rows
. . imported "DEV_ODI_REPO"."SNP_REM_REP"                9.617 KB       1 rows
. . imported "DEV_ODI_REPO"."SNP_SCEN"                       0 KB       0 rows
. . imported "DEV_ODI_REPO"."SNP_SESSION_DBG"                0 KB       0 rows
. . imported "DEV_ODI_REPO"."SNP_STATE2"                 14.29 KB      18 rows
. . imported "DEV_ODI_REPO"."SNP_STEP"                   35.73 KB      14 rows
. . imported "DEV_ODI_REPO"."SNP_SUB_LANG"               13.62 KB      51 rows
. . imported "DEV_ODI_REPO"."SNP_SUB_MODEL"              12.08 KB       3 rows
. . imported "DEV_ODI_REPO"."SNP_TABLE"                   25.5 KB      15 rows
. . imported "DEV_ODI_REPO"."SNP_TECHNO"                 68.89 KB      62 rows
. . imported "DEV_ODI_REPO"."SNP_UFUNC"                  11.88 KB       1 rows
. . imported "DEV_ODI_REPO"."SNP_UFUNC_IMPL"             6.648 KB       3 rows
. . imported "DEV_ODI_REPO"."SNP_UFUNC_TECHNO"            6.25 KB       5 rows
. . imported "DEV_ODI_REPO"."SNP_USER"                   12.80 KB       2 rows
. . imported "DEV_ODI_REPO"."SNP_USER_CONNECTED"         10.59 KB      28 rows
. . imported "DEV_ODI_REPO"."SNP_USER_EXIT"              34.93 KB     186 rows
. . imported "DEV_ODI_REPO"."SNP_USER_EXIT_GROUP"        7.148 KB       4 rows
. . imported "DEV_ODI_REPO"."SNP_USR_PREFERENCE"         6.476 KB       1 rows
. . imported "DEV_ODI_REPO"."OGG_DEPLOYMENT_HISTORY"         0 KB       0 rows
. . imported "DEV_ODI_REPO"."OGG_DEPLOYMENT_PROFILE"         0 KB       0 rows
. . imported "DEV_ODI_REPO"."OGG_EXCEPTION_MAPPING_JOIN"      0 KB       0 rows
. . imported "DEV_ODI_REPO"."OGG_EXPRESSION_PARAMETER"       0 KB       0 rows
. . imported "DEV_ODI_REPO"."OGG_FOLDER"                     0 KB       0 rows
. . imported "DEV_ODI_REPO"."OGG_MAPPING"                    0 KB       0 rows
. . imported "DEV_ODI_REPO"."OGG_MAPPING_DETAIL"             0 KB       0 rows
. . imported "DEV_ODI_REPO"."OGG_MAPPING_IN_REP_PATH"        0 KB       0 rows
. . imported "DEV_ODI_REPO"."OGG_METADATA"                   0 KB       0 rows
. . imported "DEV_ODI_REPO"."OGG_PARAMETER"                  0 KB       0 rows
. . imported "DEV_ODI_REPO"."OGG_PHYSICAL_ELEMENT"           0 KB       0 rows
. . imported "DEV_ODI_REPO"."OGG_PHYSICAL_LINK"              0 KB       0 rows
. . imported "DEV_ODI_REPO"."OGG_PROJECT"                    0 KB       0 rows
. . imported "DEV_ODI_REPO"."OGG_REPLICATION_PATH"           0 KB       0 rows
. . imported "DEV_ODI_REPO"."OGG_REP_PATH_SETTINGS"          0 KB       0 rows
. . imported "DEV_ODI_REPO"."OGG_SCHEMA_MAPPING"             0 KB       0 rows
. . imported "DEV_ODI_REPO"."OGG_SCHEMA_NAME"                0 KB       0 rows
. . imported "DEV_ODI_REPO"."OGG_SCHEMA_RENAME_PAIR"         0 KB       0 rows
. . imported "DEV_ODI_REPO"."OGG_SOLUTION"                   0 KB       0 rows
. . imported "DEV_ODI_REPO"."OGG_SOLUTION_ELEMENT"           0 KB       0 rows
. . imported "DEV_ODI_REPO"."OGG_TABLE_MAPPING"              0 KB       0 rows
. . imported "DEV_ODI_REPO"."OGG_TABLE_NAME"                 0 KB       0 rows
. . imported "DEV_ODI_REPO"."SNP_CEC_LP"                     0 KB       0 rows
. . imported "DEV_ODI_REPO"."SNP_CEC_SCEN"                   0 KB       0 rows
. . imported "DEV_ODI_REPO"."SNP_COND"                       0 KB       0 rows
. . imported "DEV_ODI_REPO"."SNP_CUBE"                       0 KB       0 rows
. . imported "DEV_ODI_REPO"."SNP_CUBE_KEY_PART_USE"          0 KB       0 rows
. . imported "DEV_ODI_REPO"."SNP_CUBE_MEASURE"               0 KB       0 rows
. . imported "DEV_ODI_REPO"."SNP_CUBE_USES_DIM"              0 KB       0 rows
. . imported "DEV_ODI_REPO"."SNP_DATA"                       0 KB       0 rows
. . imported "DEV_ODI_REPO"."SNP_DATASOURCE"                 0 KB       0 rows
. . imported "DEV_ODI_REPO"."SNP_DATA_SET"                   0 KB       0 rows
. . imported "DEV_ODI_REPO"."SNP_DEPLOYMENT_LOG"             0 KB       0 rows
. . imported "DEV_ODI_REPO"."SNP_DIAGRAM"                    0 KB       0 rows
. . imported "DEV_ODI_REPO"."SNP_DIAG_PARAM"                 0 KB       0 rows
. . imported "DEV_ODI_REPO"."SNP_DIMENSION"                  0 KB       0 rows
. . imported "DEV_ODI_REPO"."SNP_DIMENSION_MOD"              0 KB       0 rows
. . imported "DEV_ODI_REPO"."SNP_DIM_HIER"                   0 KB       0 rows
. . imported "DEV_ODI_REPO"."SNP_DIM_HIER_MEM"               0 KB       0 rows
. . imported "DEV_ODI_REPO"."SNP_DIM_LEVEL"                  0 KB       0 rows
. . imported "DEV_ODI_REPO"."SNP_DIM_LEVEL_ATTR"             0 KB       0 rows
. . imported "DEV_ODI_REPO"."SNP_DIM_NATKEY_MEM"             0 KB       0 rows
. . imported "DEV_ODI_REPO"."SNP_DIM_PAR_REF"                0 KB       0 rows
. . imported "DEV_ODI_REPO"."SNP_DIM_PATTERN"                0 KB       0 rows
. . imported "DEV_ODI_REPO"."SNP_DIM_REF_MEM"                0 KB       0 rows
. . imported "DEV_ODI_REPO"."SNP_DIM_SKIP_LEVEL"             0 KB       0 rows
. . imported "DEV_ODI_REPO"."SNP_DT_BRP"                     0 KB       0 rows
. . imported "DEV_ODI_REPO"."SNP_ENT_PRINCIPAL"              0 KB       0 rows
. . imported "DEV_ODI_REPO"."SNP_ESS"                        0 KB       0 rows
. . imported "DEV_ODI_REPO"."SNP_EXP_TXT_HEADER"             0 KB       0 rows
. . imported "DEV_ODI_REPO"."SNP_FF_VALUEE"                  0 KB       0 rows
. . imported "DEV_ODI_REPO"."SNP_FF_VALUEW"                  0 KB       0 rows
. . imported "DEV_ODI_REPO"."SNP_HIST_VERSION"               0 KB       0 rows
. . imported "DEV_ODI_REPO"."SNP_HOST_MOD"                   0 KB       0 rows
. . imported "DEV_ODI_REPO"."SNP_IMPORT_REP"                 0 KB       0 rows
. . imported "DEV_ODI_REPO"."SNP_INDIRECT_MREF"              0 KB       0 rows
. . imported "DEV_ODI_REPO"."SNP_INST_OBJ"                   0 KB       0 rows
. . imported "DEV_ODI_REPO"."SNP_LB_AGENT"                   0 KB       0 rows
. . imported "DEV_ODI_REPO"."SNP_LINK_COORD"                 0 KB       0 rows
. . imported "DEV_ODI_REPO"."SNP_LINK_DIAG"                  0 KB       0 rows
. . imported "DEV_ODI_REPO"."SNP_LOAD_PLAN"                  0 KB       0 rows
. . imported "DEV_ODI_REPO"."SNP_LOCK"                       0 KB       0 rows
. . imported "DEV_ODI_REPO"."SNP_LOCKED_OBJECT"              0 KB       0 rows
. . imported "DEV_ODI_REPO"."SNP_LOOKUP"                     0 KB       0 rows
. . imported "DEV_ODI_REPO"."SNP_LOOKUP_VALUE"               0 KB       0 rows
. . imported "DEV_ODI_REPO"."SNP_LPI_EC_VAR_LOG"             0 KB       0 rows
. . imported "DEV_ODI_REPO"."SNP_LPI_EXC_LOG"                0 KB       0 rows
. . imported "DEV_ODI_REPO"."SNP_LPI_RUN"                    0 KB       0 rows
. . imported "DEV_ODI_REPO"."SNP_LPI_STEP"                   0 KB       0 rows
. . imported "DEV_ODI_REPO"."SNP_LPI_STEP_LOG"               0 KB       0 rows
. . imported "DEV_ODI_REPO"."SNP_LPI_STEP_VAR"               0 KB       0 rows
. . imported "DEV_ODI_REPO"."SNP_LPI_VAR"                    0 KB       0 rows
. . imported "DEV_ODI_REPO"."SNP_LPI_VAR_LOG"                0 KB       0 rows
. . imported "DEV_ODI_REPO"."SNP_LP_INST"                    0 KB       0 rows
. . imported "DEV_ODI_REPO"."SNP_LP_STEP"                    0 KB       0 rows
. . imported "DEV_ODI_REPO"."SNP_LP_STEP_VAR"                0 KB       0 rows
. . imported "DEV_ODI_REPO"."SNP_LP_VAR"                     0 KB       0 rows
. . imported "DEV_ODI_REPO"."SNP_MAP_DATA_TYPE"              0 KB       0 rows
. . imported "DEV_ODI_REPO"."SNP_MAP_REF_PP"                 0 KB       0 rows
. . imported "DEV_ODI_REPO"."SNP_MC_CONSTRAINT"              0 KB       0 rows
. . imported "DEV_ODI_REPO"."SNP_MERGE"                      0 KB       0 rows
. . imported "DEV_ODI_REPO"."SNP_MERGE_OBJECT"               0 KB       0 rows
. . imported "DEV_ODI_REPO"."SNP_MERGE_OBJECT_W"             0 KB       0 rows
. . imported "DEV_ODI_REPO"."SNP_MISSING_REF"                0 KB       0 rows
. . imported "DEV_ODI_REPO"."SNP_MODEL_EXTRACT"              0 KB       0 rows
. . imported "DEV_ODI_REPO"."SNP_MODEL_REPLICAT"             0 KB       0 rows
. . imported "DEV_ODI_REPO"."SNP_MOD_FOLDER"                 0 KB       0 rows
. . imported "DEV_ODI_REPO"."SNP_M_IMPORT_REP"               0 KB       0 rows
. . imported "DEV_ODI_REPO"."SNP_OBJECT_ID"                  0 KB       0 rows
. . imported "DEV_ODI_REPO"."SNP_OBJECT_ID_COL"              0 KB       0 rows
. . imported "DEV_ODI_REPO"."SNP_OBJ_DIAG"                   0 KB       0 rows
. . imported "DEV_ODI_REPO"."SNP_OBJ_STATE"                  0 KB       0 rows
. . imported "DEV_ODI_REPO"."SNP_OBJ_TRACE"                  0 KB       0 rows
. . imported "DEV_ODI_REPO"."SNP_OPEN_TOOL"                  0 KB       0 rows
. . imported "DEV_ODI_REPO"."SNP_ORIG_TXT"                   0 KB       0 rows
. . imported "DEV_ODI_REPO"."SNP_PARAM_LPI_RUN"              0 KB       0 rows
. . imported "DEV_ODI_REPO"."SNP_PARTITION"                  0 KB       0 rows
. . imported "DEV_ODI_REPO"."SNP_PLAN_AGENT"                 0 KB       0 rows
. . imported "DEV_ODI_REPO"."SNP_POP"                        0 KB       0 rows
. . imported "DEV_ODI_REPO"."SNP_POP_CLAUSE"                 0 KB       0 rows
. . imported "DEV_ODI_REPO"."SNP_POP_COL"                    0 KB       0 rows
. . imported "DEV_ODI_REPO"."SNP_POP_CONSTRAINT"             0 KB       0 rows
. . imported "DEV_ODI_REPO"."SNP_POP_MAPPING"                0 KB       0 rows
. . imported "DEV_ODI_REPO"."SNP_REV_COL_FFV"                0 KB       0 rows
. . imported "DEV_ODI_REPO"."SNP_REV_COND"                   0 KB       0 rows
. . imported "DEV_ODI_REPO"."SNP_REV_COND_FFV"               0 KB       0 rows
. . imported "DEV_ODI_REPO"."SNP_REV_FOR_TABLE"              0 KB       0 rows
. . imported "DEV_ODI_REPO"."SNP_REV_JOIN"                   0 KB       0 rows
. . imported "DEV_ODI_REPO"."SNP_REV_JOIN_COL"               0 KB       0 rows
. . imported "DEV_ODI_REPO"."SNP_REV_JOIN_FFV"               0 KB       0 rows
. . imported "DEV_ODI_REPO"."SNP_REV_KEY"                    0 KB       0 rows
. . imported "DEV_ODI_REPO"."SNP_REV_KEY_COL"                0 KB       0 rows
. . imported "DEV_ODI_REPO"."SNP_REV_KEY_FFV"                0 KB       0 rows
. . imported "DEV_ODI_REPO"."SNP_REV_MODEL_FFV"              0 KB       0 rows
. . imported "DEV_ODI_REPO"."SNP_REV_PARTITION"              0 KB       0 rows
. . imported "DEV_ODI_REPO"."SNP_REV_SUB_MODEL"              0 KB       0 rows
. . imported "DEV_ODI_REPO"."SNP_REV_TABLE_FFV"              0 KB       0 rows
. . imported "DEV_ODI_REPO"."SNP_ROLE_ENT_PRP"               0 KB       0 rows
. . imported "DEV_ODI_REPO"."SNP_RT_BRP"                     0 KB       0 rows
. . imported "DEV_ODI_REPO"."SNP_SCEN_BRP"                   0 KB       0 rows
. . imported "DEV_ODI_REPO"."SNP_SCEN_FOLDER"                0 KB       0 rows
. . imported "DEV_ODI_REPO"."SNP_SCEN_REPORT"                0 KB       0 rows
. . imported "DEV_ODI_REPO"."SNP_SCHEDULE_EXEC"              0 KB       0 rows
. . imported "DEV_ODI_REPO"."SNP_SEQUENCE"                   0 KB       0 rows
. . imported "DEV_ODI_REPO"."SNP_SEQ_DATA"                   0 KB       0 rows
. . imported "DEV_ODI_REPO"."SNP_SEQ_SB"                     0 KB       0 rows
. . imported "DEV_ODI_REPO"."SNP_SEQ_SCEN"                   0 KB       0 rows
. . imported "DEV_ODI_REPO"."SNP_SESS_FOLDER"                0 KB       0 rows
. . imported "DEV_ODI_REPO"."SNP_SESS_STEP"                  0 KB       0 rows
. . imported "DEV_ODI_REPO"."SNP_SESS_STEP_LV"               0 KB       0 rows
. . imported "DEV_ODI_REPO"."SNP_SESS_TASK"                  0 KB       0 rows
. . imported "DEV_ODI_REPO"."SNP_SESS_TASK_LS"               0 KB       0 rows
. . imported "DEV_ODI_REPO"."SNP_SOLUTION"                   0 KB       0 rows
. . imported "DEV_ODI_REPO"."SNP_SOL_ELT"                    0 KB       0 rows
. . imported "DEV_ODI_REPO"."SNP_SOURCE_TAB"                 0 KB       0 rows
. . imported "DEV_ODI_REPO"."SNP_SRC_SET"                    0 KB       0 rows
. . imported "DEV_ODI_REPO"."SNP_STATE"                      0 KB       0 rows
. . imported "DEV_ODI_REPO"."SNP_STEP_REPORT"                0 KB       0 rows
. . imported "DEV_ODI_REPO"."SNP_TXT_CROSSR"                 0 KB       0 rows
. . imported "DEV_ODI_REPO"."SNP_UE_USED"                    0 KB       0 rows
. . imported "DEV_ODI_REPO"."SNP_USER_METH"                  0 KB       0 rows
. . imported "DEV_ODI_REPO"."SNP_USER_OBJ_METH"              0 KB       0 rows
. . imported "DEV_ODI_REPO"."SNP_USER_PREF"                  0 KB       0 rows
. . imported "DEV_ODI_REPO"."SNP_USER_PROF"                  0 KB       0 rows
. . imported "DEV_ODI_REPO"."SNP_U_O_M_REP"                  0 KB       0 rows
. . imported "DEV_ODI_REPO"."SNP_VAR"                        0 KB       0 rows
. . imported "DEV_ODI_REPO"."SNP_VAR_DATA"                   0 KB       0 rows
. . imported "DEV_ODI_REPO"."SNP_VAR_PLAN_AGENT"             0 KB       0 rows
. . imported "DEV_ODI_REPO"."SNP_VAR_SB"                     0 KB       0 rows
. . imported "DEV_ODI_REPO"."SNP_VAR_SCEN"                   0 KB       0 rows
. . imported "DEV_ODI_REPO"."SNP_VAR_SESS"                   0 KB       0 rows
. . imported "DEV_ODI_REPO"."SNP_VCS_VERSION"                0 KB       0 rows
. . imported "DEV_ODI_REPO"."SNP_VCS_VERSION_W"              0 KB       0 rows
. . imported "DEV_ODI_REPO"."SNP_VERSION"                    0 KB       0 rows
. . imported "DEV_ODI_REPO"."SNP_WS_POLICY"                  0 KB       0 rows
Processing object type SCHEMA_EXPORT/TABLE/INDEX/INDEX
Processing object type SCHEMA_EXPORT/TABLE/CONSTRAINT/CONSTRAINT
Processing object type SCHEMA_EXPORT/TABLE/INDEX/STATISTICS/INDEX_STATISTICS
Processing object type SCHEMA_EXPORT/TABLE/CONSTRAINT/REF_CONSTRAINT
Processing object type SCHEMA_EXPORT/TABLE/STATISTICS/TABLE_STATISTICS
Processing object type SCHEMA_EXPORT/STATISTICS/MARKER
Job "SYSTEM"."SYS_IMPORT_SCHEMA_02" successfully completed at Mon Nov 30 16:47:45 2015 elapsed 0 00:02:28
