

 LOG file opened at 07/30/13 15:57:11

KUP-05007:   Warning: Intra source concurrency disabled because the preprocessor option is being used.

Field Definitions for table NOSQL_GENRE
  Record format DELIMITED BY NEWLINE
  Data in file has same endianness as the platform
  Rows with all null fields are accepted

  Fields in Data Source: 

    ID                              CHAR (255)
      Terminated by "|"
      Trim whitespace same as SQL Loader
    NAME                            CHAR (255)
      Terminated by "|"
      Trim whitespace same as SQL Loader


 LOG file opened at 07/30/13 16:14:55

KUP-05007:   Warning: Intra source concurrency disabled because the preprocessor option is being used.

Field Definitions for table NOSQL_GENRE
  Record format DELIMITED BY NEWLINE
  Data in file has same endianness as the platform
  Rows with all null fields are accepted

  Fields in Data Source: 

    ID                              CHAR (255)
      Terminated by "|"
      Trim whitespace same as SQL Loader
    NAME                            CHAR (255)
      Terminated by "|"
      Trim whitespace same as SQL Loader


 LOG file opened at 07/30/13 16:28:09

KUP-05007:   Warning: Intra source concurrency disabled because the preprocessor option is being used.

Field Definitions for table NOSQL_GENRE
  Record format DELIMITED BY NEWLINE
  Data in file has same endianness as the platform
  Rows with all null fields are accepted

  Fields in Data Source: 

    ID                              CHAR (255)
      Terminated by "|"
      Trim whitespace same as SQL Loader
    NAME                            CHAR (255)
      Terminated by "|"
      Trim whitespace same as SQL Loader


 LOG file opened at 07/30/13 17:04:14

KUP-05007:   Warning: Intra source concurrency disabled because the preprocessor option is being used.

Field Definitions for table NOSQL_GENRE
  Record format DELIMITED BY NEWLINE
  Data in file has same endianness as the platform
  Rows with all null fields are accepted

  Fields in Data Source: 

    ID                              CHAR (255)
      Terminated by "|"
      Trim whitespace same as SQL Loader
    NAME                            CHAR (255)
      Terminated by "|"
      Trim whitespace same as SQL Loader


 LOG file opened at 07/30/13 17:06:30

KUP-05007:   Warning: Intra source concurrency disabled because the preprocessor option is being used.

Field Definitions for table NOSQL_GENRE
  Record format DELIMITED BY NEWLINE
  Data in file has same endianness as the platform
  Rows with all null fields are accepted

  Fields in Data Source: 

    ID                              CHAR (255)
      Terminated by "|"
      Trim whitespace same as SQL Loader
    NAME                            CHAR (255)
      Terminated by "|"
      Trim whitespace same as SQL Loader
