

 LOG file opened at 12/27/13 09:41:15

KUP-05007:   Warning: Intra source concurrency disabled because the preprocessor option is being used.

Field Definitions for table NOSQL_GENRE
  Record format DELIMITED BY NEWLINE
  Data in file has same endianness as the platform
  Rows with all null fields are accepted

  Fields in Data Source: 

    ID                              CHAR (255)
      Terminated by "|"
      Trim whitespace same as SQL Loader
    NAME                            CHAR (255)
      Terminated by "|"
      Trim whitespace same as SQL Loader
KUP-04095: preprocessor command /home/oracle/movie/moviedemo/nosqldb/exttab/bin/nosql_stream encountered error "Exception in thread "main" java.lang.NoClassDefFoundError: oracle/kv/impl/param/ParameterMap
	at oracle.kv.impl.param.LoadParameters$ConfigHandler.startElement(LoadParameters.java:322)
	at com.sun.org.apache.xerces.internal.parsers.AbstractSAXParser.startElement(AbstractSAXParser.java:506)
	at com.sun.org.apache.xerces.internal.impl.XMLDocumentFragmentScannerImpl.scanStartElement(XMLDocumentFragmentScannerImpl.java:1323)
	at com.sun.org.apache.xerces.internal.impl.XMLDocumentFragmentScannerImpl$FragmentContentDriver.next(XMLDocumentFragmentScannerImpl.java:2717)
	at com.sun.org.apache.xerces.internal.impl.XMLDocumentScannerImpl.next(XMLDocumentScannerImpl.java:607)
	at com.sun.org.apache.xerces.internal.impl.XMLDocumentFragmentScannerImpl.scanDocument(XMLDocumentFragmentScannerImpl.java:489)
	at com.sun.org.apache.xerces.internal.parsers.XML11Configuration.parse(XML11Configuration.java:835)
	at com.sun.org.apache.xerces.internal.parsers.XML11Configuration.parse(XML11Configuration.java:764)
	at com.sun.org.apache.xerces.internal.parsers.XMLParser.parse(XMLParser.java:123)
	at com.sun.org.apache.xerces.internal.parsers.AbstractSAXParser.parse(AbstractSAXParser.java:1210)
	at com.sun.org.apache.xerces.internal.jaxp.SAXParserImpl$JAXPSAXParser.parse(SAXParserImpl.java:568)
	at oracle.kv.impl.param.LoadParameters.load(LoadParameters.java:254)
	at oracle.kv.impl.param.LoadParameters.getParametersByType(LoadParameters.java:107)
	at oracle.kv.exttab.Preproc.loadParams(Preproc.java:186)
	at oracle.kv.exttab.Preproc.run(Preproc.java:142)
	at oracle.kv.exttab.Preproc.main(Preproc.java:127)
Caused by: java.lang.ClassNotFoundException: oracle.kv.impl.param.ParameterMap
	at java.net.URLClassLoader$1.run(URLClassLoader.java:366)
	at java.net.URLClassLoader$1.run(URLClassLoader.java:355)
	at java.security.AccessController.doPrivileged(Native Method)
	at java.net.URLClassLoader.findClass(URLClassLoader.java:354)
	at java.lang.ClassLoader.loadClass(ClassLoader.java:424)
	at sun.misc.Launcher$AppClassLoader.loadClass(Launcher.java:308)
	at java.lang.ClassLoader.loadClass(ClassLoader.java:357)
	... 16 more
"


 LOG file opened at 12/27/13 10:07:56

KUP-05007:   Warning: Intra source concurrency disabled because the preprocessor option is being used.

Field Definitions for table NOSQL_GENRE
  Record format DELIMITED BY NEWLINE
  Data in file has same endianness as the platform
  Rows with all null fields are accepted

  Fields in Data Source: 

    ID                              CHAR (255)
      Terminated by "|"
      Trim whitespace same as SQL Loader
    NAME                            CHAR (255)
      Terminated by "|"
      Trim whitespace same as SQL Loader
KUP-04095: preprocessor command /home/oracle/movie/moviedemo/nosqldb/exttab/bin/nosql_stream encountered error "Exception in thread "main" java.lang.NoClassDefFoundError: oracle/kv/impl/param/ParameterMap
	at oracle.kv.impl.param.LoadParameters$ConfigHandler.startElement(LoadParameters.java:322)
	at com.sun.org.apache.xerces.internal.parsers.AbstractSAXParser.startElement(AbstractSAXParser.java:506)
	at com.sun.org.apache.xerces.internal.impl.XMLDocumentFragmentScannerImpl.scanStartElement(XMLDocumentFragmentScannerImpl.java:1323)
	at com.sun.org.apache.xerces.internal.impl.XMLDocumentFragmentScannerImpl$FragmentContentDriver.next(XMLDocumentFragmentScannerImpl.java:2717)
	at com.sun.org.apache.xerces.internal.impl.XMLDocumentScannerImpl.next(XMLDocumentScannerImpl.java:607)
	at com.sun.org.apache.xerces.internal.impl.XMLDocumentFragmentScannerImpl.scanDocument(XMLDocumentFragmentScannerImpl.java:489)
	at com.sun.org.apache.xerces.internal.parsers.XML11Configuration.parse(XML11Configuration.java:835)
	at com.sun.org.apache.xerces.internal.parsers.XML11Configuration.parse(XML11Configuration.java:764)
	at com.sun.org.apache.xerces.internal.parsers.XMLParser.parse(XMLParser.java:123)
	at com.sun.org.apache.xerces.internal.parsers.AbstractSAXParser.parse(AbstractSAXParser.java:1210)
	at com.sun.org.apache.xerces.internal.jaxp.SAXParserImpl$JAXPSAXParser.parse(SAXParserImpl.java:568)
	at oracle.kv.impl.param.LoadParameters.load(LoadParameters.java:254)
	at oracle.kv.impl.param.LoadParameters.getParametersByType(LoadParameters.java:107)
	at oracle.kv.exttab.Preproc.loadParams(Preproc.java:186)
	at oracle.kv.exttab.Preproc.run(Preproc.java:142)
	at oracle.kv.exttab.Preproc.main(Preproc.java:127)
Caused by: java.lang.ClassNotFoundException: oracle.kv.impl.param.ParameterMap
	at java.net.URLClassLoader$1.run(URLClassLoader.java:366)
	at java.net.URLClassLoader$1.run(URLClassLoader.java:355)
	at java.security.AccessController.doPrivileged(Native Method)
	at java.net.URLClassLoader.findClass(URLClassLoader.java:354)
	at java.lang.ClassLoader.loadClass(ClassLoader.java:424)
	at sun.misc.Launcher$AppClassLoader.loadClass(Launcher.java:308)
	at java.lang.ClassLoader.loadClass(ClassLoader.java:357)
	... 16 more
"
