

 LOG file opened at 12/04/14 13:40:43

KUP-05007:   Warning: Intra source concurrency disabled because the preprocessor option is being used.

Field Definitions for table NOSQL_MOVIE
  Record format DELIMITED BY NEWLINE
  Data in file has same endianness as the platform
  Rows with all null fields are accepted

  Fields in Data Source: 

    MOVIEID                         CHAR (255)
      Terminated by "|"
      Trim whitespace same as SQL Loader
    TITLE                           CHAR (512)
      Terminated by "|"
      Trim whitespace same as SQL Loader
    YEAR                            CHAR (255)
      Terminated by "|"
      Trim whitespace same as SQL Loader
    POPULARITY                      CHAR (255)
      Terminated by "|"
      Trim whitespace same as SQL Loader
    VOTE                            CHAR (255)
      Terminated by "|"
      Trim whitespace same as SQL Loader
    DESCRIPTION                     CHAR (3072)
      Terminated by "|"
      Trim whitespace same as SQL Loader
KUP-04004: error while reading file /home/oracle/movie/moviedemo/nosqldb/exttab/loc/movie.dat
KUP-04017: OS message: Error 0
KUP-04017: OS message: Error: Could not find or load main class oracle.kv.exttab.Preproc

KUP-04118: operation "pipe read", location "skudmir"
