

 LOG file opened at 11/11/13 13:15:34

KUP-05004:   Warning: Intra source concurrency disabled because parallel select was not requested.

KUP-05007:   Warning: Intra source concurrency disabled because the preprocessor option is being used.

Field Definitions for table MOVIE_FACT_MW_HDFS_EXT_TAB
  Record format DELIMITED, delimited by 

  Data in file has same endianness as the platform
  Rows with all null fields are accepted

  Fields in Data Source: 

    CUST_ID                         CHAR (255)
      Terminated by "09"
      Trim whitespace same as SQL Loader
    MOVIE_ID                        CHAR (255)
      Terminated by "09"
      Trim whitespace same as SQL Loader
    GENRE_ID                        CHAR (255)
      Terminated by "09"
      Trim whitespace same as SQL Loader
    TIME_ID                         CHAR (76)
      Date datatype DATE, date mask YYYY-MM-DD:HH24:MI:SS
      Terminated by "09"
      Trim whitespace same as SQL Loader
    RECOMMENDED                     CHAR (255)
      Terminated by "09"
      Trim whitespace same as SQL Loader
    ACTIVITY_ID                     CHAR (255)
      Terminated by "09"
      Trim whitespace same as SQL Loader
    RATING                          CHAR (255)
      Terminated by "09"
      Trim whitespace same as SQL Loader
      NULL if (RATING = 5c4e)
    SALES                           CHAR (255)
      Terminated by "09"
      Trim whitespace same as SQL Loader
      NULL if (SALES = 5c4e)

  Column Transformations
    ROWID                         


 LOG file opened at 11/11/13 13:15:42

KUP-05004:   Warning: Intra source concurrency disabled because parallel select was not requested.

KUP-05007:   Warning: Intra source concurrency disabled because the preprocessor option is being used.

Field Definitions for table MOVIE_FACT_MW_HDFS_EXT_TAB
  Record format DELIMITED, delimited by 

  Data in file has same endianness as the platform
  Rows with all null fields are accepted

  Fields in Data Source: 

    CUST_ID                         CHAR (255)
      Terminated by "09"
      Trim whitespace same as SQL Loader
    MOVIE_ID                        CHAR (255)
      Terminated by "09"
      Trim whitespace same as SQL Loader
    GENRE_ID                        CHAR (255)
      Terminated by "09"
      Trim whitespace same as SQL Loader
    TIME_ID                         CHAR (76)
      Date datatype DATE, date mask YYYY-MM-DD:HH24:MI:SS
      Terminated by "09"
      Trim whitespace same as SQL Loader
    RECOMMENDED                     CHAR (255)
      Terminated by "09"
      Trim whitespace same as SQL Loader
    ACTIVITY_ID                     CHAR (255)
      Terminated by "09"
      Trim whitespace same as SQL Loader
    RATING                          CHAR (255)
      Terminated by "09"
      Trim whitespace same as SQL Loader
      NULL if (RATING = 5c4e)
    SALES                           CHAR (255)
      Terminated by "09"
      Trim whitespace same as SQL Loader
      NULL if (SALES = 5c4e)

  Column Transformations
    ROWID                         


 LOG file opened at 11/11/13 14:53:42

KUP-05004:   Warning: Intra source concurrency disabled because parallel select was not requested.

KUP-05007:   Warning: Intra source concurrency disabled because the preprocessor option is being used.

Field Definitions for table MOVIE_FACT_MW_HDFS_EXT_TAB
  Record format DELIMITED, delimited by 

  Data in file has same endianness as the platform
  Rows with all null fields are accepted

  Fields in Data Source: 

    CUST_ID                         CHAR (255)
      Terminated by "09"
      Trim whitespace same as SQL Loader
    MOVIE_ID                        CHAR (255)
      Terminated by "09"
      Trim whitespace same as SQL Loader
    GENRE_ID                        CHAR (255)
      Terminated by "09"
      Trim whitespace same as SQL Loader
    TIME_ID                         CHAR (76)
      Date datatype DATE, date mask YYYY-MM-DD:HH24:MI:SS
      Terminated by "09"
      Trim whitespace same as SQL Loader
    RECOMMENDED                     CHAR (255)
      Terminated by "09"
      Trim whitespace same as SQL Loader
    ACTIVITY_ID                     CHAR (255)
      Terminated by "09"
      Trim whitespace same as SQL Loader
    RATING                          CHAR (255)
      Terminated by "09"
      Trim whitespace same as SQL Loader
      NULL if (RATING = 5c4e)
    SALES                           CHAR (255)
      Terminated by "09"
      Trim whitespace same as SQL Loader
      NULL if (SALES = 5c4e)


 LOG file opened at 11/22/13 15:49:00

KUP-05004:   Warning: Intra source concurrency disabled because parallel select was not requested.

KUP-05007:   Warning: Intra source concurrency disabled because the preprocessor option is being used.

Field Definitions for table MOVIE_FACT_MW_HDFS_EXT_TAB
  Record format DELIMITED, delimited by 

  Data in file has same endianness as the platform
  Rows with all null fields are accepted

  Fields in Data Source: 

    CUST_ID                         CHAR (255)
      Terminated by "09"
      Trim whitespace same as SQL Loader
    MOVIE_ID                        CHAR (255)
      Terminated by "09"
      Trim whitespace same as SQL Loader
    GENRE_ID                        CHAR (255)
      Terminated by "09"
      Trim whitespace same as SQL Loader
    TIME_ID                         CHAR (76)
      Date datatype DATE, date mask YYYY-MM-DD:HH24:MI:SS
      Terminated by "09"
      Trim whitespace same as SQL Loader
    RECOMMENDED                     CHAR (255)
      Terminated by "09"
      Trim whitespace same as SQL Loader
    ACTIVITY_ID                     CHAR (255)
      Terminated by "09"
      Trim whitespace same as SQL Loader
    RATING                          CHAR (255)
      Terminated by "09"
      Trim whitespace same as SQL Loader
      NULL if (RATING = 5c4e)
    SALES                           CHAR (255)
      Terminated by "09"
      Trim whitespace same as SQL Loader
      NULL if (SALES = 5c4e)


 LOG file opened at 11/22/13 15:49:07

KUP-05004:   Warning: Intra source concurrency disabled because parallel select was not requested.

KUP-05007:   Warning: Intra source concurrency disabled because the preprocessor option is being used.

Field Definitions for table MOVIE_FACT_MW_HDFS_EXT_TAB
  Record format DELIMITED, delimited by 

  Data in file has same endianness as the platform
  Rows with all null fields are accepted

  Fields in Data Source: 

    CUST_ID                         CHAR (255)
      Terminated by "09"
      Trim whitespace same as SQL Loader
    MOVIE_ID                        CHAR (255)
      Terminated by "09"
      Trim whitespace same as SQL Loader
    GENRE_ID                        CHAR (255)
      Terminated by "09"
      Trim whitespace same as SQL Loader
    TIME_ID                         CHAR (76)
      Date datatype DATE, date mask YYYY-MM-DD:HH24:MI:SS
      Terminated by "09"
      Trim whitespace same as SQL Loader
    RECOMMENDED                     CHAR (255)
      Terminated by "09"
      Trim whitespace same as SQL Loader
    ACTIVITY_ID                     CHAR (255)
      Terminated by "09"
      Trim whitespace same as SQL Loader
    RATING                          CHAR (255)
      Terminated by "09"
      Trim whitespace same as SQL Loader
      NULL if (RATING = 5c4e)
    SALES                           CHAR (255)
      Terminated by "09"
      Trim whitespace same as SQL Loader
      NULL if (SALES = 5c4e)

  Column Transformations
    ROWID                         


 LOG file opened at 12/27/13 13:04:00

KUP-05004:   Warning: Intra source concurrency disabled because parallel select was not requested.

KUP-05007:   Warning: Intra source concurrency disabled because the preprocessor option is being used.

Field Definitions for table MOVIE_FACT_MW_HDFS_EXT_TAB
  Record format DELIMITED, delimited by 

  Data in file has same endianness as the platform
  Rows with all null fields are accepted

  Fields in Data Source: 

    CUST_ID                         CHAR (255)
      Terminated by "09"
      Trim whitespace same as SQL Loader
    MOVIE_ID                        CHAR (255)
      Terminated by "09"
      Trim whitespace same as SQL Loader
    GENRE_ID                        CHAR (255)
      Terminated by "09"
      Trim whitespace same as SQL Loader
    TIME_ID                         CHAR (76)
      Date datatype DATE, date mask YYYY-MM-DD:HH24:MI:SS
      Terminated by "09"
      Trim whitespace same as SQL Loader
    RECOMMENDED                     CHAR (255)
      Terminated by "09"
      Trim whitespace same as SQL Loader
    ACTIVITY_ID                     CHAR (255)
      Terminated by "09"
      Trim whitespace same as SQL Loader
    RATING                          CHAR (255)
      Terminated by "09"
      Trim whitespace same as SQL Loader
      NULL if (RATING = 5c4e)
    SALES                           CHAR (255)
      Terminated by "09"
      Trim whitespace same as SQL Loader
      NULL if (SALES = 5c4e)


 LOG file opened at 01/07/14 14:23:13

KUP-05004:   Warning: Intra source concurrency disabled because parallel select was not requested.

KUP-05007:   Warning: Intra source concurrency disabled because the preprocessor option is being used.

Field Definitions for table MOVIE_FACT_MW_HDFS_EXT_TAB
  Record format DELIMITED, delimited by 

  Data in file has same endianness as the platform
  Rows with all null fields are accepted

  Fields in Data Source: 

    CUST_ID                         CHAR (255)
      Terminated by "09"
      Trim whitespace same as SQL Loader
    MOVIE_ID                        CHAR (255)
      Terminated by "09"
      Trim whitespace same as SQL Loader
    GENRE_ID                        CHAR (255)
      Terminated by "09"
      Trim whitespace same as SQL Loader
    TIME_ID                         CHAR (76)
      Date datatype DATE, date mask YYYY-MM-DD:HH24:MI:SS
      Terminated by "09"
      Trim whitespace same as SQL Loader
    RECOMMENDED                     CHAR (255)
      Terminated by "09"
      Trim whitespace same as SQL Loader
    ACTIVITY_ID                     CHAR (255)
      Terminated by "09"
      Trim whitespace same as SQL Loader
    RATING                          CHAR (255)
      Terminated by "09"
      Trim whitespace same as SQL Loader
      NULL if (RATING = 5c4e)
    SALES                           CHAR (255)
      Terminated by "09"
      Trim whitespace same as SQL Loader
      NULL if (SALES = 5c4e)


 LOG file opened at 01/17/14 11:16:52

KUP-05004:   Warning: Intra source concurrency disabled because parallel select was not requested.

KUP-05007:   Warning: Intra source concurrency disabled because the preprocessor option is being used.

Field Definitions for table MOVIE_FACT_MW_HDFS_EXT_TAB
  Record format DELIMITED, delimited by 

  Data in file has same endianness as the platform
  Rows with all null fields are accepted

  Fields in Data Source: 

    CUST_ID                         CHAR (255)
      Terminated by "09"
      Trim whitespace same as SQL Loader
    MOVIE_ID                        CHAR (255)
      Terminated by "09"
      Trim whitespace same as SQL Loader
    GENRE_ID                        CHAR (255)
      Terminated by "09"
      Trim whitespace same as SQL Loader
    TIME_ID                         CHAR (76)
      Date datatype DATE, date mask YYYY-MM-DD:HH24:MI:SS
      Terminated by "09"
      Trim whitespace same as SQL Loader
    RECOMMENDED                     CHAR (255)
      Terminated by "09"
      Trim whitespace same as SQL Loader
    ACTIVITY_ID                     CHAR (255)
      Terminated by "09"
      Trim whitespace same as SQL Loader
    RATING                          CHAR (255)
      Terminated by "09"
      Trim whitespace same as SQL Loader
      NULL if (RATING = 5c4e)
    SALES                           CHAR (255)
      Terminated by "09"
      Trim whitespace same as SQL Loader
      NULL if (SALES = 5c4e)


 LOG file opened at 01/21/14 16:23:18

KUP-05004:   Warning: Intra source concurrency disabled because parallel select was not requested.

KUP-05007:   Warning: Intra source concurrency disabled because the preprocessor option is being used.

Field Definitions for table MOVIE_FACT_MW_HDFS_EXT_TAB
  Record format DELIMITED, delimited by 

  Data in file has same endianness as the platform
  Rows with all null fields are accepted

  Fields in Data Source: 

    CUST_ID                         CHAR (255)
      Terminated by "09"
      Trim whitespace same as SQL Loader
    MOVIE_ID                        CHAR (255)
      Terminated by "09"
      Trim whitespace same as SQL Loader
    GENRE_ID                        CHAR (255)
      Terminated by "09"
      Trim whitespace same as SQL Loader
    TIME_ID                         CHAR (76)
      Date datatype DATE, date mask YYYY-MM-DD:HH24:MI:SS
      Terminated by "09"
      Trim whitespace same as SQL Loader
    RECOMMENDED                     CHAR (255)
      Terminated by "09"
      Trim whitespace same as SQL Loader
    ACTIVITY_ID                     CHAR (255)
      Terminated by "09"
      Trim whitespace same as SQL Loader
    RATING                          CHAR (255)
      Terminated by "09"
      Trim whitespace same as SQL Loader
      NULL if (RATING = 5c4e)
    SALES                           CHAR (255)
      Terminated by "09"
      Trim whitespace same as SQL Loader
      NULL if (SALES = 5c4e)


 LOG file opened at 03/20/14 10:44:14

KUP-05004:   Warning: Intra source concurrency disabled because parallel select was not requested.

KUP-05007:   Warning: Intra source concurrency disabled because the preprocessor option is being used.

Field Definitions for table MOVIE_FACT_MW_HDFS_EXT_TAB
  Record format DELIMITED, delimited by 

  Data in file has same endianness as the platform
  Rows with all null fields are accepted

  Fields in Data Source: 

    CUST_ID                         CHAR (255)
      Terminated by "09"
      Trim whitespace same as SQL Loader
    MOVIE_ID                        CHAR (255)
      Terminated by "09"
      Trim whitespace same as SQL Loader
    GENRE_ID                        CHAR (255)
      Terminated by "09"
      Trim whitespace same as SQL Loader
    TIME_ID                         CHAR (76)
      Date datatype DATE, date mask YYYY-MM-DD:HH24:MI:SS
      Terminated by "09"
      Trim whitespace same as SQL Loader
    RECOMMENDED                     CHAR (255)
      Terminated by "09"
      Trim whitespace same as SQL Loader
    ACTIVITY_ID                     CHAR (255)
      Terminated by "09"
      Trim whitespace same as SQL Loader
    RATING                          CHAR (255)
      Terminated by "09"
      Trim whitespace same as SQL Loader
      NULL if (RATING = 5c4e)
    SALES                           CHAR (255)
      Terminated by "09"
      Trim whitespace same as SQL Loader
      NULL if (SALES = 5c4e)


 LOG file opened at 09/17/14 16:03:55

KUP-05004:   Warning: Intra source concurrency disabled because parallel select was not requested.

KUP-05007:   Warning: Intra source concurrency disabled because the preprocessor option is being used.

Field Definitions for table MOVIE_FACT_MW_HDFS_EXT_TAB
  Record format DELIMITED, delimited by 

  Data in file has same endianness as the platform
  Rows with all null fields are accepted

  Fields in Data Source: 

    CUST_ID                         CHAR (255)
      Terminated by "09"
      Trim whitespace same as SQL Loader
    MOVIE_ID                        CHAR (255)
      Terminated by "09"
      Trim whitespace same as SQL Loader
    GENRE_ID                        CHAR (255)
      Terminated by "09"
      Trim whitespace same as SQL Loader
    TIME_ID                         CHAR (76)
      Date datatype DATE, date mask YYYY-MM-DD:HH24:MI:SS
      Terminated by "09"
      Trim whitespace same as SQL Loader
    RECOMMENDED                     CHAR (255)
      Terminated by "09"
      Trim whitespace same as SQL Loader
    ACTIVITY_ID                     CHAR (255)
      Terminated by "09"
      Trim whitespace same as SQL Loader
    RATING                          CHAR (255)
      Terminated by "09"
      Trim whitespace same as SQL Loader
      NULL if (RATING = 5c4e)
    SALES                           CHAR (255)
      Terminated by "09"
      Trim whitespace same as SQL Loader
      NULL if (SALES = 5c4e)


 LOG file opened at 12/23/14 13:21:23

KUP-05004:   Warning: Intra source concurrency disabled because parallel select was not requested.

KUP-05007:   Warning: Intra source concurrency disabled because the preprocessor option is being used.

Field Definitions for table MOVIE_FACT_MW_HDFS_EXT_TAB
  Record format DELIMITED, delimited by 

  Data in file has same endianness as the platform
  Rows with all null fields are accepted

  Fields in Data Source: 

    CUST_ID                         CHAR (255)
      Terminated by "09"
      Trim whitespace same as SQL Loader
    MOVIE_ID                        CHAR (255)
      Terminated by "09"
      Trim whitespace same as SQL Loader
    GENRE_ID                        CHAR (255)
      Terminated by "09"
      Trim whitespace same as SQL Loader
    TIME_ID                         CHAR (76)
      Date datatype DATE, date mask YYYY-MM-DD:HH24:MI:SS
      Terminated by "09"
      Trim whitespace same as SQL Loader
    RECOMMENDED                     CHAR (255)
      Terminated by "09"
      Trim whitespace same as SQL Loader
    ACTIVITY_ID                     CHAR (255)
      Terminated by "09"
      Trim whitespace same as SQL Loader
    RATING                          CHAR (255)
      Terminated by "09"
      Trim whitespace same as SQL Loader
      NULL if (RATING = 5c4e)
    SALES                           CHAR (255)
      Terminated by "09"
      Trim whitespace same as SQL Loader
      NULL if (SALES = 5c4e)


 LOG file opened at 01/15/15 18:08:44

KUP-05004:   Warning: Intra source concurrency disabled because parallel select was not requested.

KUP-05007:   Warning: Intra source concurrency disabled because the preprocessor option is being used.

Field Definitions for table MOVIE_FACT_MW_HDFS_EXT_TAB
  Record format DELIMITED, delimited by 

  Data in file has same endianness as the platform
  Rows with all null fields are accepted

  Fields in Data Source: 

    CUST_ID                         CHAR (255)
      Terminated by "09"
      Trim whitespace same as SQL Loader
    MOVIE_ID                        CHAR (255)
      Terminated by "09"
      Trim whitespace same as SQL Loader
    GENRE_ID                        CHAR (255)
      Terminated by "09"
      Trim whitespace same as SQL Loader
    TIME_ID                         CHAR (76)
      Date datatype DATE, date mask YYYY-MM-DD:HH24:MI:SS
      Terminated by "09"
      Trim whitespace same as SQL Loader
    RECOMMENDED                     CHAR (255)
      Terminated by "09"
      Trim whitespace same as SQL Loader
    ACTIVITY_ID                     CHAR (255)
      Terminated by "09"
      Trim whitespace same as SQL Loader
    RATING                          CHAR (255)
      Terminated by "09"
      Trim whitespace same as SQL Loader
      NULL if (RATING = 5c4e)
    SALES                           CHAR (255)
      Terminated by "09"
      Trim whitespace same as SQL Loader
      NULL if (SALES = 5c4e)


 LOG file opened at 02/06/15 13:17:56

KUP-05004:   Warning: Intra source concurrency disabled because parallel select was not requested.

KUP-05007:   Warning: Intra source concurrency disabled because the preprocessor option is being used.

Field Definitions for table MOVIE_FACT_MW_HDFS_EXT_TAB
  Record format DELIMITED, delimited by 

  Data in file has same endianness as the platform
  Rows with all null fields are accepted

  Fields in Data Source: 

    CUST_ID                         CHAR (255)
      Terminated by "09"
      Trim whitespace same as SQL Loader
    MOVIE_ID                        CHAR (255)
      Terminated by "09"
      Trim whitespace same as SQL Loader
    GENRE_ID                        CHAR (255)
      Terminated by "09"
      Trim whitespace same as SQL Loader
    TIME_ID                         CHAR (76)
      Date datatype DATE, date mask YYYY-MM-DD:HH24:MI:SS
      Terminated by "09"
      Trim whitespace same as SQL Loader
    RECOMMENDED                     CHAR (255)
      Terminated by "09"
      Trim whitespace same as SQL Loader
    ACTIVITY_ID                     CHAR (255)
      Terminated by "09"
      Trim whitespace same as SQL Loader
    RATING                          CHAR (255)
      Terminated by "09"
      Trim whitespace same as SQL Loader
      NULL if (RATING = 5c4e)
    SALES                           CHAR (255)
      Terminated by "09"
      Trim whitespace same as SQL Loader
      NULL if (SALES = 5c4e)


 LOG file opened at 02/06/15 13:18:01

KUP-05004:   Warning: Intra source concurrency disabled because parallel select was not requested.

KUP-05007:   Warning: Intra source concurrency disabled because the preprocessor option is being used.

Field Definitions for table MOVIE_FACT_MW_HDFS_EXT_TAB
  Record format DELIMITED, delimited by 

  Data in file has same endianness as the platform
  Rows with all null fields are accepted

  Fields in Data Source: 

    CUST_ID                         CHAR (255)
      Terminated by "09"
      Trim whitespace same as SQL Loader
    MOVIE_ID                        CHAR (255)
      Terminated by "09"
      Trim whitespace same as SQL Loader
    GENRE_ID                        CHAR (255)
      Terminated by "09"
      Trim whitespace same as SQL Loader
    TIME_ID                         CHAR (76)
      Date datatype DATE, date mask YYYY-MM-DD:HH24:MI:SS
      Terminated by "09"
      Trim whitespace same as SQL Loader
    RECOMMENDED                     CHAR (255)
      Terminated by "09"
      Trim whitespace same as SQL Loader
    ACTIVITY_ID                     CHAR (255)
      Terminated by "09"
      Trim whitespace same as SQL Loader
    RATING                          CHAR (255)
      Terminated by "09"
      Trim whitespace same as SQL Loader
      NULL if (RATING = 5c4e)
    SALES                           CHAR (255)
      Terminated by "09"
      Trim whitespace same as SQL Loader
      NULL if (SALES = 5c4e)

  Column Transformations


 LOG file opened at 06/17/15 15:04:33

KUP-05004:   Warning: Intra source concurrency disabled because parallel select was not requested.

KUP-05007:   Warning: Intra source concurrency disabled because the preprocessor option is being used.

Field Definitions for table MOVIE_FACT_MW_HDFS_EXT_TAB
  Record format DELIMITED, delimited by 

  Data in file has same endianness as the platform
  Rows with all null fields are accepted

  Fields in Data Source: 

    CUST_ID                         CHAR (255)
      Terminated by "09"
      Trim whitespace same as SQL Loader
    MOVIE_ID                        CHAR (255)
      Terminated by "09"
      Trim whitespace same as SQL Loader
    GENRE_ID                        CHAR (255)
      Terminated by "09"
      Trim whitespace same as SQL Loader
    TIME_ID                         CHAR (76)
      Date datatype DATE, date mask YYYY-MM-DD:HH24:MI:SS
      Terminated by "09"
      Trim whitespace same as SQL Loader
    RECOMMENDED                     CHAR (255)
      Terminated by "09"
      Trim whitespace same as SQL Loader
    ACTIVITY_ID                     CHAR (255)
      Terminated by "09"
      Trim whitespace same as SQL Loader
    RATING                          CHAR (255)
      Terminated by "09"
      Trim whitespace same as SQL Loader
      NULL if (RATING = 5c4e)
    SALES                           CHAR (255)
      Terminated by "09"
      Trim whitespace same as SQL Loader
      NULL if (SALES = 5c4e)
